<?xml version="1.0" encoding="UTF-8"?>
<!-- Generated by org.testng.reporters.JUnitReportReporter -->
<testsuite hostname="aidtyaun-w10" name="crmframework.crmAutomation.DashboardPageTest" tests="2" failures="0" timestamp="20 Apr 2021 07:59:11 GMT" time="137.344" errors="0">
  <testcase name="TS001_VerifyHomePageTest" time="114.773" classname="crmframework.crmAutomation.DashboardPageTest"/>
  <testcase name="TS002_VerifyRetailRelationManagerDashboardView" time="22.571" classname="crmframework.crmAutomation.DashboardPageTest"/>
</testsuite> <!-- crmframework.crmAutomation.DashboardPageTest -->
