<?xml version="1.0" encoding="UTF-8"?>
<!-- Generated by org.testng.reporters.JUnitReportReporter -->
<testsuite hostname="NILAMMA-W10" name="crmframework.crmAutomation.IncentivesPageTest" tests="2" failures="0" timestamp="25 Mar 2021 07:02:25 GMT" time="194.501" errors="0">
  <testcase name="TS001_VerifyHomePageTest" time="113.346" classname="crmframework.crmAutomation.IncentivesPageTest"/>
  <testcase name="TS002_VerifyCreateIncentiveFromAccountTest" time="81.155" classname="crmframework.crmAutomation.IncentivesPageTest"/>
</testsuite> <!-- crmframework.crmAutomation.IncentivesPageTest -->
