<?xml version="1.0" encoding="UTF-8"?>
<!-- Generated by org.testng.reporters.JUnitReportReporter -->
<testsuite hostname="NILAMMA-W10" name="crmframework.crmAutomation.OtherTest" tests="1" failures="0" timestamp="12 Mar 2021 12:55:10 GMT" time="118.474" errors="0">
  <testcase name="TS001_VerifyHomePageTest" time="118.474" classname="crmframework.crmAutomation.OtherTest"/>
</testsuite> <!-- crmframework.crmAutomation.OtherTest -->
