<?xml version="1.0" encoding="UTF-8"?>
<!-- Generated by org.testng.reporters.JUnitReportReporter -->
<testsuite hostname="NILAMMA-W10" name="crmframework.crmAutomation.PeoplePageTest" tests="2" failures="0" timestamp="24 Mar 2021 06:19:55 GMT" time="258.461" errors="0">
  <testcase name="TS002_VerifyCreatePeopleRecordTest" time="93.657" classname="crmframework.crmAutomation.PeoplePageTest"/>
  <testcase name="TS001_VerifyHomePageTest" time="164.804" classname="crmframework.crmAutomation.PeoplePageTest"/>
</testsuite> <!-- crmframework.crmAutomation.PeoplePageTest -->
