<?xml version="1.0" encoding="UTF-8"?>
<!-- Generated by org.testng.reporters.JUnitReportReporter -->
<testsuite hostname="NILAMMA-W10" name="crmframework.crmAutomation.CAB269PageTest" tests="1" failures="0" timestamp="5 Jul 2021 06:58:25 GMT" time="89.872" errors="0">
  <testcase name="TS001_VerifyAlternativeContactIDTest" time="89.872" classname="crmframework.crmAutomation.CAB269PageTest"/>
</testsuite> <!-- crmframework.crmAutomation.CAB269PageTest -->
