<?xml version="1.0" encoding="UTF-8"?>
<!-- Generated by org.testng.reporters.JUnitReportReporter -->
<testsuite hostname="NILAMMA-W10" name="crmframework.crmAutomation.CampaignsPageTest" tests="1" failures="0" timestamp="2 Jul 2021 07:08:29 GMT" time="85.631" errors="0">
  <testcase name="TS003_VerifyCampaignLinkingToTheIncentivesTest" time="85.631" classname="crmframework.crmAutomation.CampaignsPageTest"/>
</testsuite> <!-- crmframework.crmAutomation.CampaignsPageTest -->
