<?xml version="1.0" encoding="UTF-8"?>
<!-- Generated by org.testng.reporters.JUnitReportReporter -->

<testsuite hostname="shradhama-w10" name="crmframework.crmAutomation.ContactPageTest" tests="3" failures="0" timestamp="10 Mar 2021 12:35:18 GMT" time="160.770" errors="0">
  <testcase name="TS004_VerifyMarketingRelationshipOwnerContactTest" time="33.153" classname="crmframework.crmAutomation.ContactPageTest"/>
  <testcase name="TS001_VerifyHomePageTest" time="86.614" classname="crmframework.crmAutomation.ContactPageTest"/>
  <testcase name="TS005_VerifyPhoneCallOnContactTest" time="41.003" classname="crmframework.crmAutomation.ContactPageTest"/>

<testsuite hostname="NILAMMA-W10" name="crmframework.crmAutomation.ContactPageTest" tests="2" failures="0" timestamp="10 Mar 2021 11:31:28 GMT" time="197.674" errors="0">
  <testcase name="TS001_VerifyHomePageTest" time="104.672" classname="crmframework.crmAutomation.ContactPageTest"/>
  <testcase name="TS005_VerifyJobFunctionFieldTest" time="93.002" classname="crmframework.crmAutomation.ContactPageTest"/>
</testsuite> <!-- crmframework.crmAutomation.ContactPageTest -->
