<?xml version="1.0" encoding="UTF-8"?>
<!-- Generated by org.testng.reporters.JUnitReportReporter -->
<testsuite hostname="aidtyaun-w10" name="crmframework.crmAutomation.IncentiveDetailsPageTest" tests="2" failures="0" timestamp="5 Apr 2021 05:47:02 GMT" time="264.856" errors="0">
  <testcase name="TS006_VerifyExportToExcelIncentivesDetailsTest" time="152.510" classname="crmframework.crmAutomation.IncentiveDetailsPageTest"/>
  <testcase name="TS001_VerifyHomePageTest" time="112.346" classname="crmframework.crmAutomation.IncentiveDetailsPageTest"/>
</testsuite> <!-- crmframework.crmAutomation.IncentiveDetailsPageTest -->
