<?xml version="1.0" encoding="UTF-8"?>
<!-- Generated by org.testng.reporters.JUnitReportReporter -->
<testsuite hostname="shradhama-w10" name="crmframework.crmAutomation.IncentiveDetailsPageTest" tests="2" failures="0" timestamp="4 Apr 2021 14:22:03 GMT" time="139.873" errors="0">
  <testcase name="TS005_VerifyUpdateIncentiveDetailsTest" time="49.740" classname="crmframework.crmAutomation.IncentiveDetailsPageTest"/>
  <testcase name="TS001_VerifyHomePageTest" time="90.133" classname="crmframework.crmAutomation.IncentiveDetailsPageTest"/>
</testsuite> <!-- crmframework.crmAutomation.IncentiveDetailsPageTest -->
