<?xml version="1.0" encoding="UTF-8"?>
<!-- Generated by org.testng.reporters.JUnitReportReporter -->
<testsuite hostname="NILAMMA-W10" name="crmframework.crmAutomation.IncentivesPageTest" tests="2" failures="0" timestamp="25 Mar 2021 07:49:38 GMT" time="184.484" errors="0">
  <testcase name="TS004_VerifyCreateIncentiveFromContactTest" time="72.169" classname="crmframework.crmAutomation.IncentivesPageTest"/>
  <testcase name="TS001_VerifyHomePageTest" time="112.315" classname="crmframework.crmAutomation.IncentivesPageTest"/>
</testsuite> <!-- crmframework.crmAutomation.IncentivesPageTest -->
