<?xml version="1.0" encoding="UTF-8"?>
<!-- Generated by org.testng.reporters.JUnitReportReporter -->
<testsuite hostname="NILAMMA-W10" name="crmframework.crmAutomation.ContactPageTest" tests="2" failures="0" timestamp="10 Mar 2021 13:19:37 GMT" time="162.054" errors="0">
  <testcase name="TS001_VerifyHomePageTest" time="102.443" classname="crmframework.crmAutomation.ContactPageTest"/>
  <testcase name="TS006_VerifyContactStatusToActivateContactTest" time="59.611" classname="crmframework.crmAutomation.ContactPageTest"/>
</testsuite> <!-- crmframework.crmAutomation.ContactPageTest -->
