<?xml version="1.0" encoding="UTF-8"?>
<!-- Generated by org.testng.reporters.JUnitReportReporter -->
<testsuite hostname="NILAMMA-W10" name="crmframework.crmAutomation.ReferenceDataPageTest" tests="2" failures="0" timestamp="20 Apr 2021 09:19:17 GMT" time="188.383" errors="0">
  <testcase name="TS002_VerifyCampusesTest" time="66.596" classname="crmframework.crmAutomation.ReferenceDataPageTest"/>
  <testcase name="TS001_VerifyHomePageTest" time="121.787" classname="crmframework.crmAutomation.ReferenceDataPageTest"/>
</testsuite> <!-- crmframework.crmAutomation.ReferenceDataPageTest -->
