<?xml version="1.0" encoding="UTF-8"?>
<!-- Generated by org.testng.reporters.JUnitReportReporter -->
<testsuite hostname="NILAMMA-W10" name="crmframework.crmAutomation.ContactPageTest" tests="3" failures="0" timestamp="15 Mar 2021 13:02:44 GMT" time="204.833" errors="0">
  <testcase name="TS015_VerifyAddNewNoteToContactTest" time="69.408" classname="crmframework.crmAutomation.ContactPageTest"/>
  <testcase name="TS001_VerifyHomePageTest" time="93.717" classname="crmframework.crmAutomation.ContactPageTest"/>
  <testcase name="TS016_VerifyAddNewPostToContactTest" time="41.708" classname="crmframework.crmAutomation.ContactPageTest"/>
</testsuite> <!-- crmframework.crmAutomation.ContactPageTest -->
