<?xml version="1.0" encoding="UTF-8"?>
<!-- Generated by org.testng.reporters.JUnitReportReporter -->
<testsuite hostname="shradhama-w10" name="crmframework.crmAutomation.ListManagementPageTest" tests="2" failures="0" timestamp="9 Apr 2021 02:36:17 GMT" time="142.491" errors="0">
  <testcase name="TS003_VerifyCooperativeListsAccountsViewTest" time="42.885" classname="crmframework.crmAutomation.ListManagementPageTest"/>
  <testcase name="TS001_VerifyHomePageTest" time="99.606" classname="crmframework.crmAutomation.ListManagementPageTest"/>
</testsuite> <!-- crmframework.crmAutomation.ListManagementPageTest -->
