<?xml version="1.0" encoding="UTF-8"?>
<!-- Generated by org.testng.reporters.JUnitReportReporter -->
<testsuite hostname="NILAMMA-W10" name="crmframework.crmAutomation.PeoplePageTest" tests="3" failures="0" timestamp="30 Mar 2021 12:21:30 GMT" time="245.941" errors="0">
  <testcase name="TS004_VerifyRelatedContactsForPeopleRecordTest" time="94.972" classname="crmframework.crmAutomation.PeoplePageTest"/>
  <testcase name="TS005_VerifyGridFiltersPeopleTest" time="38.920" classname="crmframework.crmAutomation.PeoplePageTest"/>
  <testcase name="TS001_VerifyHomePageTest" time="112.049" classname="crmframework.crmAutomation.PeoplePageTest"/>
</testsuite> <!-- crmframework.crmAutomation.PeoplePageTest -->
