<?xml version="1.0" encoding="UTF-8"?>
<!-- Generated by org.testng.reporters.JUnitReportReporter -->
<testsuite hostname="NILAMMA-W10" name="crmframework.crmAutomation.OtherTest" tests="2" failures="0" timestamp="18 Mar 2021 14:06:36 GMT" time="210.796" errors="0">
  <testcase name="TS019_VerifyDetailsTabOnAccountTest" time="81.101" classname="crmframework.crmAutomation.OtherTest"/>
  <testcase name="TS001_VerifyHomePageTest" time="129.695" classname="crmframework.crmAutomation.OtherTest"/>
</testsuite> <!-- crmframework.crmAutomation.OtherTest -->
