<?xml version="1.0" encoding="UTF-8"?>
<!-- Generated by org.testng.reporters.JUnitReportReporter -->
<testsuite hostname="aidtyaun-w10" name="crmframework.crmAutomation.CAB250PageTest" tests="1" failures="0" timestamp="29 Jun 2021 12:07:32 GMT" time="87.512" errors="0">
  <testcase name="TS001_VerifyPreseneOfNewFieldsToMarketEntity" time="87.512" classname="crmframework.crmAutomation.CAB250PageTest"/>
</testsuite> <!-- crmframework.crmAutomation.CAB250PageTest -->
