<?xml version="1.0" encoding="UTF-8"?>
<!-- Generated by org.testng.reporters.JUnitReportReporter -->
<testsuite hostname="NILAMMA-W10" name="crmframework.crmAutomation.PhoneCallMarketOutcomePageTest" tests="1" failures="0" timestamp="27 May 2021 07:28:11 GMT" time="25.463" errors="0">
  <testcase name="TS002_VerifyAllPhoneCallsByOwnerTest" time="25.463" classname="crmframework.crmAutomation.PhoneCallMarketOutcomePageTest"/>
</testsuite> <!-- crmframework.crmAutomation.PhoneCallMarketOutcomePageTest -->
