<?xml version="1.0" encoding="UTF-8"?>
<!-- Generated by org.testng.reporters.JUnitReportReporter -->
<testsuite hostname="NILAMMA-W10" name="crmframework.crmAutomation.ContactPageTest" tests="2" failures="0" timestamp="17 Mar 2021 06:10:47 GMT" time="994.452" errors="0">
  <testcase name="TS001_VerifyHomePageTest" time="131.833" classname="crmframework.crmAutomation.ContactPageTest"/>
  <testcase name="TS017_VerifyMandatoryFieldsOnContactFormTest" time="862.619" classname="crmframework.crmAutomation.ContactPageTest"/>
</testsuite> <!-- crmframework.crmAutomation.ContactPageTest -->
