<?xml version="1.0" encoding="UTF-8"?>
<!-- Generated by org.testng.reporters.JUnitReportReporter -->
<testsuite hostname="NILAMMA-W10" name="crmframework.crmAutomation.OtherTest" tests="2" failures="0" timestamp="18 Mar 2021 07:51:13 GMT" time="175.535" errors="0">
  <testcase name="TS001_VerifyHomePageTest" time="125.239" classname="crmframework.crmAutomation.OtherTest"/>
  <testcase name="TS029_VerifyCountryAutocomplete" time="50.296" classname="crmframework.crmAutomation.OtherTest"/>
</testsuite> <!-- crmframework.crmAutomation.OtherTest -->
