<?xml version="1.0" encoding="UTF-8"?>
<!-- Generated by org.testng.reporters.JUnitReportReporter -->
<testsuite hostname="aidtyaun-w10" name="crmframework.crmAutomation.DashboardPageTest" tests="5" failures="0" timestamp="19 May 2021 13:50:08 GMT" time="361.337" errors="0">
  <testcase name="TS003_VerifyRetailRelationsMrktMngrIncnHotelBookedViewTest" time="10.291" classname="crmframework.crmAutomation.DashboardPageTest"/>
  <testcase name="TS002_VerifyRetailRelationManagerDashboardView" time="23.217" classname="crmframework.crmAutomation.DashboardPageTest"/>
  <testcase name="TS004_VerifyCallCenterDashboardRepTest" time="91.287" classname="crmframework.crmAutomation.DashboardPageTest"/>
  <testcase name="TS001_VerifyHomePageTest" time="135.220" classname="crmframework.crmAutomation.DashboardPageTest"/>
  <testcase name="TS005_VerifyMyActivitiesTest" time="101.322" classname="crmframework.crmAutomation.DashboardPageTest"/>
</testsuite> <!-- crmframework.crmAutomation.DashboardPageTest -->
