<?xml version="1.0" encoding="UTF-8"?>
<!-- Generated by org.testng.reporters.JUnitReportReporter -->
<testsuite hostname="aidtyaun-w10" name="crmframework.crmAutomation.ActivitiesPageTest" tests="5" failures="2" timestamp="19 May 2021 13:57:02 GMT" time="322.292" errors="0">
  <testcase name="TS005_VerifyCreateEmailTest" time="10.194" classname="crmframework.crmAutomation.ActivitiesPageTest">
    <failure type="org.openqa.selenium.WebDriverException" message="element click intercepted: Element &lt;input id=&quot;id-0d1e47ff-12b2-4f53-9090-bee951b98cb4-5-subject6-subject.fieldControl-text-box-text&quot; aria-label=&quot;Subject&quot; data-id=&quot;subject.fieldControl-text-box-text&quot; placeholder=&quot;&quot; maxlength=&quot;800&quot; autocomplete=&quot;off&quot; type=&quot;text&quot; class=&quot;pa-x pa-bv pa-ms pa-ar pa-da pa-dr pa-dq pa-pf pa-qa pa-qb pa-nq pa-py pa-ak pa-al pa-in pa-hi pa-sd pa-se pa-sf pa-sg pa-sh pa-si pa-sj pa-sk pa-sl pa-sm pa-sn pa-so pa-sp pa-sq pa-sr pa-ss pa-st pa-by pa-su pa-mx &quot; value=&quot;---&quot;&gt; is not clickable at point (861, 435). Other element would receive the click: &lt;section id=&quot;{DEEF1C18-D892-4A01-B737-B40B8A4675D9}&quot; role=&quot;presentation&quot; class=&quot;pa-as pa-go pa-dz pa-acs pa-pq &quot;&gt;...&lt;/section&gt;
  (Session info: chrome=90.0.4430.212)
Build info: version: &#039;3.4.0&#039;, revision: &#039;unknown&#039;, time: &#039;unknown&#039;
System info: host: &#039;AIDTYAUN-W10&#039;, ip: &#039;172.27.182.51&#039;, os.name: &#039;Windows 10&#039;, os.arch: &#039;amd64&#039;, os.version: &#039;10.0&#039;, java.version: &#039;1.8.0_161&#039;
Driver info: org.openqa.selenium.chrome.ChromeDriver
Capabilities [{networkConnectionEnabled=false, chrome={chromedriverVersion=90.0.4430.24 (4c6d850f087da467d926e8eddb76550aed655991-refs/branch-heads/4430@{#429}), userDataDir=C:\Users\adityaun\AppData\Local\Temp\scoped_dir9760_1698338012}, timeouts={implicit=0.0, pageLoad=300000.0, script=30000.0}, pageLoadStrategy=normal, unhandledPromptBehavior=dismiss and notify, strictFileInteractability=false, platform=ANY, proxy=Proxy(), goog:chromeOptions={debuggerAddress=localhost:54758}, acceptInsecureCerts=false, browserVersion=90.0.4430.212, browserName=chrome, javascriptEnabled=true, platformName=windows, setWindowRect=true, webauthn:extension:largeBlob=true, webauthn:virtualAuthenticators=true}]
Session ID: fa4d4ec250961d4824232cc0d8d86ab5">
      <![CDATA[org.openqa.selenium.WebDriverException: element click intercepted: Element <input id="id-0d1e47ff-12b2-4f53-9090-bee951b98cb4-5-subject6-subject.fieldControl-text-box-text" aria-label="Subject" data-id="subject.fieldControl-text-box-text" placeholder="" maxlength="800" autocomplete="off" type="text" class="pa-x pa-bv pa-ms pa-ar pa-da pa-dr pa-dq pa-pf pa-qa pa-qb pa-nq pa-py pa-ak pa-al pa-in pa-hi pa-sd pa-se pa-sf pa-sg pa-sh pa-si pa-sj pa-sk pa-sl pa-sm pa-sn pa-so pa-sp pa-sq pa-sr pa-ss pa-st pa-by pa-su pa-mx " value="---"> is not clickable at point (861, 435). Other element would receive the click: <section id="{DEEF1C18-D892-4A01-B737-B40B8A4675D9}" role="presentation" class="pa-as pa-go pa-dz pa-acs pa-pq ">...</section>
  (Session info: chrome=90.0.4430.212)
Build info: version: '3.4.0', revision: 'unknown', time: 'unknown'
System info: host: 'AIDTYAUN-W10', ip: '172.27.182.51', os.name: 'Windows 10', os.arch: 'amd64', os.version: '10.0', java.version: '1.8.0_161'
Driver info: org.openqa.selenium.chrome.ChromeDriver
Capabilities [{networkConnectionEnabled=false, chrome={chromedriverVersion=90.0.4430.24 (4c6d850f087da467d926e8eddb76550aed655991-refs/branch-heads/4430@{#429}), userDataDir=C:\Users\adityaun\AppData\Local\Temp\scoped_dir9760_1698338012}, timeouts={implicit=0.0, pageLoad=300000.0, script=30000.0}, pageLoadStrategy=normal, unhandledPromptBehavior=dismiss and notify, strictFileInteractability=false, platform=ANY, proxy=Proxy(), goog:chromeOptions={debuggerAddress=localhost:54758}, acceptInsecureCerts=false, browserVersion=90.0.4430.212, browserName=chrome, javascriptEnabled=true, platformName=windows, setWindowRect=true, webauthn:extension:largeBlob=true, webauthn:virtualAuthenticators=true}]
Session ID: fa4d4ec250961d4824232cc0d8d86ab5
	at sun.reflect.NativeConstructorAccessorImpl.newInstance0(Native Method)
	at sun.reflect.NativeConstructorAccessorImpl.newInstance(Unknown Source)
	at sun.reflect.DelegatingConstructorAccessorImpl.newInstance(Unknown Source)
	at java.lang.reflect.Constructor.newInstance(Unknown Source)
	at org.openqa.selenium.remote.http.W3CHttpResponseCodec.createException(W3CHttpResponseCodec.java:150)
	at org.openqa.selenium.remote.http.W3CHttpResponseCodec.decode(W3CHttpResponseCodec.java:115)
	at org.openqa.selenium.remote.http.W3CHttpResponseCodec.decode(W3CHttpResponseCodec.java:45)
	at org.openqa.selenium.remote.HttpCommandExecutor.execute(HttpCommandExecutor.java:164)
	at org.openqa.selenium.remote.service.DriverCommandExecutor.execute(DriverCommandExecutor.java:82)
	at org.openqa.selenium.remote.RemoteWebDriver.execute(RemoteWebDriver.java:637)
	at org.openqa.selenium.remote.RemoteWebElement.execute(RemoteWebElement.java:272)
	at org.openqa.selenium.remote.RemoteWebElement.click(RemoteWebElement.java:82)
	at crmframework.crmAutomation.ActivitiesPageTest.TS005_VerifyCreateEmailTest(ActivitiesPageTest.java:330)
	at sun.reflect.NativeMethodAccessorImpl.invoke0(Native Method)
	at sun.reflect.NativeMethodAccessorImpl.invoke(Unknown Source)
	at sun.reflect.DelegatingMethodAccessorImpl.invoke(Unknown Source)
	at java.lang.reflect.Method.invoke(Unknown Source)
	at org.testng.internal.MethodInvocationHelper.invokeMethod(MethodInvocationHelper.java:80)
	at org.testng.internal.Invoker.invokeMethod(Invoker.java:714)
	at org.testng.internal.Invoker.invokeTestMethod(Invoker.java:901)
	at org.testng.internal.Invoker.invokeTestMethods(Invoker.java:1231)
	at org.testng.internal.TestMethodWorker.invokeTestMethods(TestMethodWorker.java:127)
	at org.testng.internal.TestMethodWorker.run(TestMethodWorker.java:111)
	at org.testng.TestRunner.privateRun(TestRunner.java:767)
	at org.testng.TestRunner.run(TestRunner.java:617)
	at org.testng.SuiteRunner.runTest(SuiteRunner.java:334)
	at org.testng.SuiteRunner.runSequentially(SuiteRunner.java:329)
	at org.testng.SuiteRunner.privateRun(SuiteRunner.java:291)
	at org.testng.SuiteRunner.run(SuiteRunner.java:240)
	at org.testng.SuiteRunnerWorker.runSuite(SuiteRunnerWorker.java:52)
	at org.testng.SuiteRunnerWorker.run(SuiteRunnerWorker.java:86)
	at org.testng.TestNG.runSuitesSequentially(TestNG.java:1198)
	at org.testng.TestNG.runSuitesLocally(TestNG.java:1123)
	at org.testng.TestNG.run(TestNG.java:1031)
	at org.testng.remote.AbstractRemoteTestNG.run(AbstractRemoteTestNG.java:126)
	at org.testng.remote.RemoteTestNG.initAndRun(RemoteTestNG.java:152)
	at org.testng.remote.RemoteTestNG.main(RemoteTestNG.java:57)
]]>
    </failure>
  </testcase> <!-- TS005_VerifyCreateEmailTest -->
  <testcase name="TS004_VerifyCreatePhoneCallTest" time="67.009" classname="crmframework.crmAutomation.ActivitiesPageTest"/>
  <testcase name="TS003_VerifyCreateTaskTest" time="81.944" classname="crmframework.crmAutomation.ActivitiesPageTest"/>
  <testcase name="TS001_VerifyHomePageTest" time="125.564" classname="crmframework.crmAutomation.ActivitiesPageTest"/>
  <testcase name="TS002_VerifyCreateAppointmentTest" time="37.581" classname="crmframework.crmAutomation.ActivitiesPageTest">
    <failure type="org.openqa.selenium.TimeoutException" message="Expected condition failed: waiting for visibility of element located by By.xpath: //span[contains(text(),&#039;My Activities&#039;)] (tried for 20 second(s) with 500 MILLISECONDS interval)">
      <![CDATA[org.openqa.selenium.TimeoutException: Expected condition failed: waiting for visibility of element located by By.xpath: //span[contains(text(),'My Activities')] (tried for 20 second(s) with 500 MILLISECONDS interval)
	at org.openqa.selenium.support.ui.WebDriverWait.timeoutException(WebDriverWait.java:80)
	at org.openqa.selenium.support.ui.FluentWait.until(FluentWait.java:232)
	at pageObjects.CRMActivitiesPage.getMyActivitiesLabel(CRMActivitiesPage.java:60)
	at crmframework.crmAutomation.ActivitiesPageTest.TS002_VerifyCreateAppointmentTest(ActivitiesPageTest.java:126)
	at sun.reflect.NativeMethodAccessorImpl.invoke0(Native Method)
	at sun.reflect.NativeMethodAccessorImpl.invoke(Unknown Source)
	at sun.reflect.DelegatingMethodAccessorImpl.invoke(Unknown Source)
	at java.lang.reflect.Method.invoke(Unknown Source)
	at org.testng.internal.MethodInvocationHelper.invokeMethod(MethodInvocationHelper.java:80)
	at org.testng.internal.Invoker.invokeMethod(Invoker.java:714)
	at org.testng.internal.Invoker.invokeTestMethod(Invoker.java:901)
	at org.testng.internal.Invoker.invokeTestMethods(Invoker.java:1231)
	at org.testng.internal.TestMethodWorker.invokeTestMethods(TestMethodWorker.java:127)
	at org.testng.internal.TestMethodWorker.run(TestMethodWorker.java:111)
	at org.testng.TestRunner.privateRun(TestRunner.java:767)
	at org.testng.TestRunner.run(TestRunner.java:617)
	at org.testng.SuiteRunner.runTest(SuiteRunner.java:334)
	at org.testng.SuiteRunner.runSequentially(SuiteRunner.java:329)
	at org.testng.SuiteRunner.privateRun(SuiteRunner.java:291)
	at org.testng.SuiteRunner.run(SuiteRunner.java:240)
	at org.testng.SuiteRunnerWorker.runSuite(SuiteRunnerWorker.java:52)
	at org.testng.SuiteRunnerWorker.run(SuiteRunnerWorker.java:86)
	at org.testng.TestNG.runSuitesSequentially(TestNG.java:1198)
	at org.testng.TestNG.runSuitesLocally(TestNG.java:1123)
	at org.testng.TestNG.run(TestNG.java:1031)
	at org.testng.remote.AbstractRemoteTestNG.run(AbstractRemoteTestNG.java:126)
	at org.testng.remote.RemoteTestNG.initAndRun(RemoteTestNG.java:152)
	at org.testng.remote.RemoteTestNG.main(RemoteTestNG.java:57)
Caused by: org.openqa.selenium.NoSuchElementException: Cannot locate an element using By.xpath: //span[contains(text(),'My Activities')]
For documentation on this error, please visit: http://seleniumhq.org/exceptions/no_such_element.html
Build info: version: '3.4.0', revision: 'unknown', time: 'unknown'
System info: host: 'AIDTYAUN-W10', ip: '172.27.182.51', os.name: 'Windows 10', os.arch: 'amd64', os.version: '10.0', java.version: '1.8.0_161'
Driver info: driver.version: unknown
	at org.openqa.selenium.support.ui.ExpectedConditions.lambda$findElement$0(ExpectedConditions.java:883)
	at java.util.Optional.orElseThrow(Unknown Source)
	at org.openqa.selenium.support.ui.ExpectedConditions.findElement(ExpectedConditions.java:882)
	at org.openqa.selenium.support.ui.ExpectedConditions.access$000(ExpectedConditions.java:44)
	at org.openqa.selenium.support.ui.ExpectedConditions$7.apply(ExpectedConditions.java:206)
	at org.openqa.selenium.support.ui.ExpectedConditions$7.apply(ExpectedConditions.java:202)
	at org.openqa.selenium.support.ui.FluentWait.until(FluentWait.java:209)
	... 26 more
]]>
    </failure>
  </testcase> <!-- TS002_VerifyCreateAppointmentTest -->
</testsuite> <!-- crmframework.crmAutomation.ActivitiesPageTest -->
