<?xml version="1.0" encoding="UTF-8"?>
<!-- Generated by org.testng.reporters.JUnitReportReporter -->
<testsuite hostname="shradhama-w10" name="crmframework.crmAutomation.CAB256PageTest" tests="1" failures="0" timestamp="23 Jun 2021 08:40:31 GMT" time="99.950" errors="0">
  <testcase name="TS019_VerifyDeactivatedContactAtActiveInactiveContactGrid" time="99.950" classname="crmframework.crmAutomation.CAB256PageTest"/>
</testsuite> <!-- crmframework.crmAutomation.CAB256PageTest -->
