<?xml version="1.0" encoding="UTF-8"?>
<!-- Generated by org.testng.reporters.JUnitReportReporter -->
<testsuite hostname="shradhama-w10" name="crmframework.crmAutomation.ContactPageTest" tests="2" failures="0" timestamp="11 Mar 2021 09:29:49 GMT" time="143.291" errors="0">
  <testcase name="TS007_VerifyAddAppointmentToContactTest" time="64.718" classname="crmframework.crmAutomation.ContactPageTest"/>
  <testcase name="TS001_VerifyHomePageTest" time="78.573" classname="crmframework.crmAutomation.ContactPageTest"/>
<testsuite hostname="NILAMMA-W10" name="crmframework.crmAutomation.ContactPageTest" tests="2" failures="0" timestamp="11 Mar 2021 07:32:19 GMT" time="166.994" errors="0">
  <testcase name="TS008_VerifyAddNewTaskFromTimelineToContactTest" time="58.197" classname="crmframework.crmAutomation.ContactPageTest"/>
  <testcase name="TS001_VerifyHomePageTest" time="108.797" classname="crmframework.crmAutomation.ContactPageTest"/>
</testsuite> <!-- crmframework.crmAutomation.ContactPageTest -->
