<?xml version="1.0" encoding="UTF-8"?>
<!-- Generated by org.testng.reporters.JUnitReportReporter -->
<testsuite hostname="shradhama-w10" name="crmframework.crmAutomation.RegistrationsPageTest" tests="2" failures="0" timestamp="26 Apr 2021 04:22:41 GMT" time="142.733" errors="0">
  <testcase name="TS004_VerifyExportToExcelRegistrationsPageTest" time="45.002" classname="crmframework.crmAutomation.RegistrationsPageTest"/>
  <testcase name="TS001_VerifyHomePageTest" time="97.731" classname="crmframework.crmAutomation.RegistrationsPageTest"/>
</testsuite> <!-- crmframework.crmAutomation.RegistrationsPageTest -->
