<?xml version="1.0" encoding="UTF-8"?>
<!-- Generated by org.testng.reporters.JUnitReportReporter -->
<testsuite hostname="shradhama-w10" name="crmframework.crmAutomation.PeoplePageTest" tests="2" failures="0" timestamp="25 Mar 2021 06:26:34 GMT" time="138.565" errors="0">
  <testcase name="TS001_VerifyHomePageTest" time="91.096" classname="crmframework.crmAutomation.PeoplePageTest"/>
  <testcase name="TS006_VerifyGridFiltersPeopleTest" time="47.469" classname="crmframework.crmAutomation.PeoplePageTest"/>
</testsuite> <!-- crmframework.crmAutomation.PeoplePageTest -->
