<?xml version="1.0" encoding="UTF-8"?>
<!-- Generated by org.testng.reporters.JUnitReportReporter -->
<testsuite hostname="shradhama-w10" name="crmframework.crmAutomation.IncentiveDetailsPageTest" tests="2" failures="0" timestamp="3 Apr 2021 07:31:45 GMT" time="164.462" errors="0">
  <testcase name="TS002_VerifyCreateIncentiveDetailsFromExistingIncentiveTest" time="62.088" classname="crmframework.crmAutomation.IncentiveDetailsPageTest"/>
  <testcase name="TS001_VerifyHomePageTest" time="102.374" classname="crmframework.crmAutomation.IncentiveDetailsPageTest"/>
</testsuite> <!-- crmframework.crmAutomation.IncentiveDetailsPageTest -->
