<?xml version="1.0" encoding="UTF-8"?>
<!-- Generated by org.testng.reporters.JUnitReportReporter -->
<testsuite hostname="NILAMMA-W10" name="crmframework.crmAutomation.IncentivesPageTest" tests="2" failures="0" timestamp="26 Mar 2021 10:18:40 GMT" time="247.079" errors="0">
  <testcase name="TS007_VerifyActivateInactiveIncentiveTest" time="134.941" classname="crmframework.crmAutomation.IncentivesPageTest"/>
  <testcase name="TS001_VerifyHomePageTest" time="112.138" classname="crmframework.crmAutomation.IncentivesPageTest"/>
</testsuite> <!-- crmframework.crmAutomation.IncentivesPageTest -->
