<?xml version="1.0" encoding="UTF-8"?>
<!-- Generated by org.testng.reporters.JUnitReportReporter -->
<testsuite hostname="NILAMMA-W10" name="crmframework.crmAutomation.PhoneCallMarketOutcomePageTest" tests="1" failures="0" timestamp="2 Aug 2021 12:34:36 GMT" time="44.165" errors="0">
  <testcase name="TS002_VerifyAllPhoneCallsByOwnerTest" time="44.165" classname="crmframework.crmAutomation.PhoneCallMarketOutcomePageTest"/>
</testsuite> <!-- crmframework.crmAutomation.PhoneCallMarketOutcomePageTest -->
