<?xml version="1.0" encoding="UTF-8"?>
<!-- Generated by org.testng.reporters.JUnitReportReporter -->
<testsuite hostname="shradhama-w10" name="crmframework.crmAutomation.ContactPageTest" tests="4" failures="0" timestamp="10 Mar 2021 13:14:42 GMT" time="225.900" errors="0">
  <testcase name="TS005_VerifyJobFunctionFieldTest" time="67.675" classname="crmframework.crmAutomation.ContactPageTest"/>
  <testcase name="TS001_VerifyHomePageTest" time="77.476" classname="crmframework.crmAutomation.ContactPageTest"/>
  <testcase name="TS004_VerifyMarketingRelationshipOwnerContactTest" time="38.368" classname="crmframework.crmAutomation.ContactPageTest"/>
  <testcase name="TS005_VerifyPhoneCallOnContactTest" time="42.381" classname="crmframework.crmAutomation.ContactPageTest"/>
</testsuite> <!-- crmframework.crmAutomation.ContactPageTest -->
