<?xml version="1.0" encoding="UTF-8"?>
<!-- Generated by org.testng.reporters.JUnitReportReporter -->
<testsuite hostname="NILAMMA-W10" name="crmframework.crmAutomation.AccountPageTest" tests="3" failures="0" timestamp="7 Apr 2021 05:28:19 GMT" time="346.083" errors="0">
  <testcase name="TS024_VerifyExportToExcelTest" time="165.314" classname="crmframework.crmAutomation.AccountPageTest"/>
  <testcase name="TS014_VerifyStateAndRegionInGridTest" time="66.243" classname="crmframework.crmAutomation.AccountPageTest"/>
  <testcase name="TS001_VerifyHomePageTest" time="114.526" classname="crmframework.crmAutomation.AccountPageTest"/>
</testsuite> <!-- crmframework.crmAutomation.AccountPageTest -->
