<?xml version="1.0" encoding="UTF-8"?>
<!-- Generated by org.testng.reporters.JUnitReportReporter -->
<testsuite hostname="NILAMMA-W10" name="crmframework.crmAutomation.DashboardPageTest" tests="2" failures="0" timestamp="30 Apr 2021 09:05:34 GMT" time="248.085" errors="0">
  <testcase name="TS001_VerifyHomePageTest" time="135.273" classname="crmframework.crmAutomation.DashboardPageTest"/>
  <testcase name="TS005_VerifyMyActivitiesTest" time="112.812" classname="crmframework.crmAutomation.DashboardPageTest"/>
</testsuite> <!-- crmframework.crmAutomation.DashboardPageTest -->
