<?xml version="1.0" encoding="UTF-8"?>
<!-- Generated by org.testng.reporters.JUnitReportReporter -->
<testsuite hostname="shradhama-w10" name="crmframework.crmAutomation.CAB256PageTest" tests="1" failures="0" timestamp="14 Jun 2021 14:38:36 GMT" time="60.761" errors="0">
  <testcase name="TS016_VerifyBadContactInfoStatusReason" time="60.761" classname="crmframework.crmAutomation.CAB256PageTest"/>
</testsuite> <!-- crmframework.crmAutomation.CAB256PageTest -->
