<?xml version="1.0" encoding="UTF-8"?>
<!-- Generated by org.testng.reporters.JUnitReportReporter -->
<testsuite hostname="shradhama-w10" name="crmframework.crmAutomation.ListManagementPageTest" tests="2" failures="0" timestamp="25 Apr 2021 15:05:47 GMT" time="248.594" errors="0">
  <testcase name="TS001_VerifyHomePageTest" time="105.108" classname="crmframework.crmAutomation.ListManagementPageTest"/>
  <testcase name="TS007_VerifyExportToExcelListMembersTest" time="143.486" classname="crmframework.crmAutomation.ListManagementPageTest"/>
</testsuite> <!-- crmframework.crmAutomation.ListManagementPageTest -->
