<?xml version="1.0" encoding="UTF-8"?>
<!-- Generated by org.testng.reporters.JUnitReportReporter -->
<testsuite hostname="shradhama-w10" name="crmframework.crmAutomation.IncentivesPageTest" tests="2" failures="0" timestamp="26 Mar 2021 06:31:46 GMT" time="161.281" errors="0">
  <testcase name="TS006_VerifyGridFiltersIncentivesTest" time="68.613" classname="crmframework.crmAutomation.IncentivesPageTest"/>
  <testcase name="TS001_VerifyHomePageTest" time="92.668" classname="crmframework.crmAutomation.IncentivesPageTest"/>
</testsuite> <!-- crmframework.crmAutomation.IncentivesPageTest -->
