<?xml version="1.0" encoding="UTF-8"?>
<!-- Generated by org.testng.reporters.JUnitReportReporter -->
<testsuite hostname="aidtyaun-w10" name="crmframework.crmAutomation.ListManagementPageTest" tests="2" failures="0" timestamp="7 Apr 2021 08:51:47 GMT" time="272.770" errors="0">
  <testcase name="TS001_VerifyHomePageTest" time="113.355" classname="crmframework.crmAutomation.ListManagementPageTest"/>
  <testcase name="TS002_VerifyExportToExcelListsTest" time="159.415" classname="crmframework.crmAutomation.ListManagementPageTest"/>
</testsuite> <!-- crmframework.crmAutomation.ListManagementPageTest -->
