<?xml version="1.0" encoding="UTF-8"?>
<!-- Generated by org.testng.reporters.JUnitReportReporter -->
<testsuite hostname="NILAMMA-W10" name="crmframework.crmAutomation.CAB256PageTest" tests="1" failures="0" timestamp="7 Jun 2021 06:08:30 GMT" time="54.598" errors="0">
  <testcase name="TS003_VerifySequenceOfInactiveContactStatusReasonCodesTest" time="54.598" classname="crmframework.crmAutomation.CAB256PageTest"/>
</testsuite> <!-- crmframework.crmAutomation.CAB256PageTest -->
