<?xml version="1.0" encoding="UTF-8"?>
<!-- Generated by org.testng.reporters.JUnitReportReporter -->
<testsuite hostname="NILAMMA-W10" name="crmframework.crmAutomation.ReferenceDataPageTest" tests="2" failures="0" timestamp="27 Apr 2021 13:06:08 GMT" time="187.907" errors="0">
  <testcase name="TS001_VerifyHomePageTest" time="121.907" classname="crmframework.crmAutomation.ReferenceDataPageTest"/>
  <testcase name="TS007_VerifySearchMarketsTest" time="66.000" classname="crmframework.crmAutomation.ReferenceDataPageTest"/>
</testsuite> <!-- crmframework.crmAutomation.ReferenceDataPageTest -->
