<?xml version="1.0" encoding="UTF-8"?>
<!-- Generated by org.testng.reporters.JUnitReportReporter -->
<testsuite hostname="NILAMMA-W10" name="crmframework.crmAutomation.OtherTest" tests="2" failures="0" timestamp="8 Mar 2021 07:14:18 GMT" time="157.377" errors="0">
  <testcase name="TS001_VerifyHomePageTest" time="111.508" classname="crmframework.crmAutomation.OtherTest"/>
  <testcase name="TS025_VerifyBusinessRuleForAddressTest" time="45.869" classname="crmframework.crmAutomation.OtherTest"/>
</testsuite> <!-- crmframework.crmAutomation.OtherTest -->
