<?xml version="1.0" encoding="UTF-8"?>
<!-- Generated by org.testng.reporters.JUnitReportReporter -->
<testsuite hostname="aidtyaun-w10" name="crmframework.crmAutomation.IncentiveDetailsPageTest" tests="2" failures="0" timestamp="6 Apr 2021 13:49:11 GMT" time="178.437" errors="0">
  <testcase name="TS001_VerifyHomePageTest" time="108.925" classname="crmframework.crmAutomation.IncentiveDetailsPageTest"/>
  <testcase name="TS008_VerifyActivateInactiveIncentiveDetailsTest" time="69.512" classname="crmframework.crmAutomation.IncentiveDetailsPageTest"/>
</testsuite> <!-- crmframework.crmAutomation.IncentiveDetailsPageTest -->
