<?xml version="1.0" encoding="UTF-8"?>
<!-- Generated by org.testng.reporters.JUnitReportReporter -->
<testsuite hostname="shradhama-w10" name="crmframework.crmAutomation.IncentiveDetailsPageTest" tests="2" failures="0" timestamp="6 Apr 2021 08:12:28 GMT" time="255.469" errors="0">
  <testcase name="TS001_VerifyHomePageTest" time="95.195" classname="crmframework.crmAutomation.IncentiveDetailsPageTest"/>
  <testcase name="TS007_VerifyDeactivateInactiveIncentiveDetailsTest" time="160.274" classname="crmframework.crmAutomation.IncentiveDetailsPageTest"/>
</testsuite> <!-- crmframework.crmAutomation.IncentiveDetailsPageTest -->
