<?xml version="1.0" encoding="UTF-8"?>
<!-- Generated by org.testng.reporters.JUnitReportReporter -->
<testsuite hostname="NILAMMA-W10" name="crmframework.crmAutomation.RegistrationsPageTest" tests="3" failures="0" timestamp="2 Aug 2021 11:41:48 GMT" time="306.348" errors="0">
  <testcase name="TS003_VerifyDisabledRegistrationsPageTest" time="28.724" classname="crmframework.crmAutomation.RegistrationsPageTest"/>
  <testcase name="TS004_VerifyExportToExcelRegistrationsPageTest" time="151.716" classname="crmframework.crmAutomation.RegistrationsPageTest"/>
  <testcase name="TS002_VerifySearchableFieldsPageTest" time="125.908" classname="crmframework.crmAutomation.RegistrationsPageTest"/>
</testsuite> <!-- crmframework.crmAutomation.RegistrationsPageTest -->
