<?xml version="1.0" encoding="UTF-8"?>
<!-- Generated by org.testng.reporters.JUnitReportReporter -->
<testsuite hostname="aidtyaun-w10" name="crmframework.crmAutomation.IncentiveDetailsPageTest" tests="2" failures="0" timestamp="5 Apr 2021 05:26:53 GMT" time="272.419" errors="0">
  <testcase name="TS006_VerifyExportToExcelIncentivesDetailsTest" time="154.044" classname="crmframework.crmAutomation.IncentiveDetailsPageTest"/>
  <testcase name="TS001_VerifyHomePageTest" time="118.375" classname="crmframework.crmAutomation.IncentiveDetailsPageTest"/>
</testsuite> <!-- crmframework.crmAutomation.IncentiveDetailsPageTest -->
