<?xml version="1.0" encoding="UTF-8"?>
<!-- Generated by org.testng.reporters.JUnitReportReporter -->
<testsuite hostname="aidtyaun-w10" name="crmframework.crmAutomation.ReferenceDataPageTest" tests="11" failures="0" timestamp="13 May 2021 06:49:21 GMT" time="517.622" errors="0">
  <testcase name="TS003_VerifySearchCampusesTest" time="36.631" classname="crmframework.crmAutomation.ReferenceDataPageTest"/>
  <testcase name="TS010_VerifySearchMarketsTest" time="48.444" classname="crmframework.crmAutomation.ReferenceDataPageTest"/>
  <testcase name="TS011_VerifySearchRegionsTest" time="37.186" classname="crmframework.crmAutomation.ReferenceDataPageTest"/>
  <testcase name="TS002_VerifyCampusesTest" time="56.284" classname="crmframework.crmAutomation.ReferenceDataPageTest"/>
  <testcase name="TS004_VerifyDemandDriverProductCategoriesTest" time="21.219" classname="crmframework.crmAutomation.ReferenceDataPageTest"/>
  <testcase name="TS008_VerifyChannelsTest" time="38.986" classname="crmframework.crmAutomation.ReferenceDataPageTest"/>
  <testcase name="TS001_VerifyHomePageTest" time="112.558" classname="crmframework.crmAutomation.ReferenceDataPageTest"/>
  <testcase name="TS006_VerifyMarketsTest" time="21.778" classname="crmframework.crmAutomation.ReferenceDataPageTest"/>
  <testcase name="TS005_VerifySearchDDProductCategoriesTest" time="52.760" classname="crmframework.crmAutomation.ReferenceDataPageTest"/>
  <testcase name="TS007_VerifyRegionsTest" time="55.317" classname="crmframework.crmAutomation.ReferenceDataPageTest"/>
  <testcase name="TS009_VerifySearchChannelsTest" time="36.459" classname="crmframework.crmAutomation.ReferenceDataPageTest"/>
</testsuite> <!-- crmframework.crmAutomation.ReferenceDataPageTest -->
