<?xml version="1.0" encoding="UTF-8"?>
<!-- Generated by org.testng.reporters.JUnitReportReporter -->
<testsuite hostname="NILAMMA-W10" name="crmframework.crmAutomation.ContactPageTest" tests="1" failures="0" timestamp="3 Jun 2021 11:17:41 GMT" time="73.231" errors="0">
  <testcase name="TS019_VerifyDetailsTabOnContactTest" time="73.231" classname="crmframework.crmAutomation.ContactPageTest"/>
</testsuite> <!-- crmframework.crmAutomation.ContactPageTest -->
