<?xml version="1.0" encoding="UTF-8"?>
<!-- Generated by org.testng.reporters.JUnitReportReporter -->
<testsuite hostname="NILAMMA-W10" name="crmframework.crmAutomation.ReferenceDataPageTest" tests="3" failures="0" timestamp="21 Apr 2021 09:14:54 GMT" time="250.197" errors="0">
  <testcase name="TS003_VerifySearchCampusesTest" time="37.105" classname="crmframework.crmAutomation.ReferenceDataPageTest"/>
  <testcase name="TS001_VerifyHomePageTest" time="133.742" classname="crmframework.crmAutomation.ReferenceDataPageTest"/>
  <testcase name="TS002_VerifyCampusesTest" time="79.350" classname="crmframework.crmAutomation.ReferenceDataPageTest"/>
</testsuite> <!-- crmframework.crmAutomation.ReferenceDataPageTest -->
