<?xml version="1.0" encoding="UTF-8"?>
<!-- Generated by org.testng.reporters.JUnitReportReporter -->
<testsuite hostname="aidtyaun-w10" name="crmframework.crmAutomation.PhoneCallMarketOutcomePageTest" tests="2" failures="0" timestamp="13 May 2021 11:54:43 GMT" time="168.943" errors="0">
  <testcase name="TS002_VerifyAllPhoneCallsByOwnerTest" time="51.163" classname="crmframework.crmAutomation.PhoneCallMarketOutcomePageTest"/>
  <testcase name="TS001_VerifyHomePageTest" time="117.780" classname="crmframework.crmAutomation.PhoneCallMarketOutcomePageTest"/>
</testsuite> <!-- crmframework.crmAutomation.PhoneCallMarketOutcomePageTest -->
