<?xml version="1.0" encoding="UTF-8"?>
<!-- Generated by org.testng.reporters.JUnitReportReporter -->
<testsuite hostname="shradhama-w10" name="crmframework.crmAutomation.CAB231PageTest" tests="1" failures="0" timestamp="5 Jul 2021 07:33:32 GMT" time="151.117" errors="0">
  <testcase name="TS001_VerifyContactChannelProfileforJuniper" time="151.117" classname="crmframework.crmAutomation.CAB231PageTest"/>
</testsuite> <!-- crmframework.crmAutomation.CAB231PageTest -->
