<?xml version="1.0" encoding="UTF-8"?>
<!-- Generated by org.testng.reporters.JUnitReportReporter -->
<testsuite hostname="NILAMMA-W10" name="crmframework.crmAutomation.PeoplePageTest" tests="2" failures="0" timestamp="24 Mar 2021 11:16:15 GMT" time="207.131" errors="0">
  <testcase name="TS004_VerifyRelatedContactsForPeopleRecordTest" time="95.033" classname="crmframework.crmAutomation.PeoplePageTest"/>
  <testcase name="TS001_VerifyHomePageTest" time="112.098" classname="crmframework.crmAutomation.PeoplePageTest"/>
</testsuite> <!-- crmframework.crmAutomation.PeoplePageTest -->
