<?xml version="1.0" encoding="UTF-8"?>
<!-- Generated by org.testng.reporters.JUnitReportReporter -->
<testsuite hostname="shradhama-w10" name="crmframework.crmAutomation.IncentiveCategoriesPageTest" tests="4" failures="0" timestamp="9 May 2021 13:08:29 GMT" time="243.478" errors="0">
  <testcase name="TS001_VerifyHomePageTest" time="102.859" classname="crmframework.crmAutomation.IncentiveCategoriesPageTest"/>
  <testcase name="TS003_VerifySearchIncentiveCategoriesTest" time="40.600" classname="crmframework.crmAutomation.IncentiveCategoriesPageTest"/>
  <testcase name="TS004_VerifyCreateNewIncentiveCategoryTest" time="53.008" classname="crmframework.crmAutomation.IncentiveCategoriesPageTest"/>
  <testcase name="TS002_VerifyIncentiveCategoriesTest" time="47.011" classname="crmframework.crmAutomation.IncentiveCategoriesPageTest"/>
</testsuite> <!-- crmframework.crmAutomation.IncentiveCategoriesPageTest -->
