<?xml version="1.0" encoding="UTF-8"?>
<!-- Generated by org.testng.reporters.JUnitReportReporter -->
<testsuite hostname="aidtyaun-w10" name="crmframework.crmAutomation.ReferenceDataPageTest" tests="11" failures="0" timestamp="13 May 2021 10:55:50 GMT" time="536.934" errors="0">
  <testcase name="TS007_VerifyRegionsTest" time="55.138" classname="crmframework.crmAutomation.ReferenceDataPageTest"/>
  <testcase name="TS002_VerifyCampusesTest" time="56.399" classname="crmframework.crmAutomation.ReferenceDataPageTest"/>
  <testcase name="TS004_VerifyDemandDriverProductCategoriesTest" time="23.985" classname="crmframework.crmAutomation.ReferenceDataPageTest"/>
  <testcase name="TS001_VerifyHomePageTest" time="129.412" classname="crmframework.crmAutomation.ReferenceDataPageTest"/>
  <testcase name="TS003_VerifySearchCampusesTest" time="36.644" classname="crmframework.crmAutomation.ReferenceDataPageTest"/>
  <testcase name="TS010_VerifySearchMarketsTest" time="48.516" classname="crmframework.crmAutomation.ReferenceDataPageTest"/>
  <testcase name="TS005_VerifySearchDDProductCategoriesTest" time="52.721" classname="crmframework.crmAutomation.ReferenceDataPageTest"/>
  <testcase name="TS006_VerifyMarketsTest" time="20.866" classname="crmframework.crmAutomation.ReferenceDataPageTest"/>
  <testcase name="TS011_VerifySearchRegionsTest" time="37.194" classname="crmframework.crmAutomation.ReferenceDataPageTest"/>
  <testcase name="TS009_VerifySearchChannelsTest" time="36.510" classname="crmframework.crmAutomation.ReferenceDataPageTest"/>
  <testcase name="TS008_VerifyChannelsTest" time="39.549" classname="crmframework.crmAutomation.ReferenceDataPageTest"/>
</testsuite> <!-- crmframework.crmAutomation.ReferenceDataPageTest -->
