<?xml version="1.0" encoding="UTF-8"?>
<!-- Generated by org.testng.reporters.JUnitReportReporter -->
<testsuite hostname="shradhama-w10" name="crmframework.crmAutomation.PhoneCallMarketOutcomePageTest" tests="2" failures="2" timestamp="25 Apr 2021 13:12:21 GMT" time="0.009" errors="0">
  <testcase name="TS001_VerifyHomePageTest" time="0.007" classname="crmframework.crmAutomation.PhoneCallMarketOutcomePageTest">
    <failure type="org.openqa.selenium.SessionNotCreatedException" message="session not created: This version of ChromeDriver only supports Chrome version 88
Current browser version is 90.0.4430.85 with binary path C:\Program Files\Google\Chrome\Application\chrome.exe
Build info: version: &#039;3.4.0&#039;, revision: &#039;unknown&#039;, time: &#039;unknown&#039;
System info: host: &#039;SHRADHAMA-W10&#039;, ip: &#039;172.27.182.74&#039;, os.name: &#039;Windows 10&#039;, os.arch: &#039;amd64&#039;, os.version: &#039;10.0&#039;, java.version: &#039;1.8.0_161&#039;
Driver info: driver.version: ChromeDriver
remote stacktrace: Backtrace:
	GetHandleVerifier [0x0083B963+483]
	GetHandleVerifier [0x0083B941+449]
	GetHandleVerifier [0x00BE3308+3832712]
	GetHandleVerifier [0x00BFD69A+3940122]
	GetHandleVerifier [0x00BF9AFB+3924859]
	GetHandleVerifier [0x00BF7D9C+3917340]
	GetHandleVerifier [0x00C1E7FE+4075646]
	GetHandleVerifier [0x00C1E56C+4074988]
	GetHandleVerifier [0x00C1B2EB+4062059]
	GetHandleVerifier [0x00BFED14+3945876]
	GetHandleVerifier [0x00BFFBCE+3949646]
	GetHandleVerifier [0x00BFFB59+3949529]
	Ordinal0 [0x007FB5CC+46540]
	Ordinal0 [0x007F9F53+40787]
	Ordinal0 [0x007F9B12+39698]
	GetHandleVerifier [0x00B01468+2907368]
	GetHandleVerifier [0x009471EE+1096302]
	GetHandleVerifier [0x00903E8D+821005]
	GetHandleVerifier [0x0090396B+819691]
	GetHandleVerifier [0x00903881+819457]
	GetHandleVerifier [0x0092F463+998627]
	BaseThreadInitThunk [0x75C8FA29+25]
	RtlGetAppContainerNamedObjectPath [0x77D87A4E+286]
	RtlGetAppContainerNamedObjectPath [0x77D87A1E+238]
">
      <![CDATA[org.openqa.selenium.SessionNotCreatedException: session not created: This version of ChromeDriver only supports Chrome version 88
Current browser version is 90.0.4430.85 with binary path C:\Program Files\Google\Chrome\Application\chrome.exe
Build info: version: '3.4.0', revision: 'unknown', time: 'unknown'
System info: host: 'SHRADHAMA-W10', ip: '172.27.182.74', os.name: 'Windows 10', os.arch: 'amd64', os.version: '10.0', java.version: '1.8.0_161'
Driver info: driver.version: ChromeDriver
remote stacktrace: Backtrace:
	GetHandleVerifier [0x0083B963+483]
	GetHandleVerifier [0x0083B941+449]
	GetHandleVerifier [0x00BE3308+3832712]
	GetHandleVerifier [0x00BFD69A+3940122]
	GetHandleVerifier [0x00BF9AFB+3924859]
	GetHandleVerifier [0x00BF7D9C+3917340]
	GetHandleVerifier [0x00C1E7FE+4075646]
	GetHandleVerifier [0x00C1E56C+4074988]
	GetHandleVerifier [0x00C1B2EB+4062059]
	GetHandleVerifier [0x00BFED14+3945876]
	GetHandleVerifier [0x00BFFBCE+3949646]
	GetHandleVerifier [0x00BFFB59+3949529]
	Ordinal0 [0x007FB5CC+46540]
	Ordinal0 [0x007F9F53+40787]
	Ordinal0 [0x007F9B12+39698]
	GetHandleVerifier [0x00B01468+2907368]
	GetHandleVerifier [0x009471EE+1096302]
	GetHandleVerifier [0x00903E8D+821005]
	GetHandleVerifier [0x0090396B+819691]
	GetHandleVerifier [0x00903881+819457]
	GetHandleVerifier [0x0092F463+998627]
	BaseThreadInitThunk [0x75C8FA29+25]
	RtlGetAppContainerNamedObjectPath [0x77D87A4E+286]
	RtlGetAppContainerNamedObjectPath [0x77D87A1E+238]

	at sun.reflect.NativeConstructorAccessorImpl.newInstance0(Native Method)
	at sun.reflect.NativeConstructorAccessorImpl.newInstance(Unknown Source)
	at sun.reflect.DelegatingConstructorAccessorImpl.newInstance(Unknown Source)
	at java.lang.reflect.Constructor.newInstance(Unknown Source)
	at org.openqa.selenium.remote.W3CHandshakeResponse.lambda$new$0(W3CHandshakeResponse.java:57)
	at org.openqa.selenium.remote.W3CHandshakeResponse.lambda$getResponseFunction$2(W3CHandshakeResponse.java:104)
	at org.openqa.selenium.remote.ProtocolHandshake.lambda$createSession$22(ProtocolHandshake.java:365)
	at java.util.stream.ReferencePipeline$3$1.accept(Unknown Source)
	at java.util.Spliterators$ArraySpliterator.tryAdvance(Unknown Source)
	at java.util.stream.ReferencePipeline.forEachWithCancel(Unknown Source)
	at java.util.stream.AbstractPipeline.copyIntoWithCancel(Unknown Source)
	at java.util.stream.AbstractPipeline.copyInto(Unknown Source)
	at java.util.stream.AbstractPipeline.wrapAndCopyInto(Unknown Source)
	at java.util.stream.FindOps$FindOp.evaluateSequential(Unknown Source)
	at java.util.stream.AbstractPipeline.evaluate(Unknown Source)
	at java.util.stream.ReferencePipeline.findFirst(Unknown Source)
	at org.openqa.selenium.remote.ProtocolHandshake.createSession(ProtocolHandshake.java:368)
	at org.openqa.selenium.remote.ProtocolHandshake.createSession(ProtocolHandshake.java:159)
	at org.openqa.selenium.remote.HttpCommandExecutor.execute(HttpCommandExecutor.java:142)
	at org.openqa.selenium.remote.service.DriverCommandExecutor.execute(DriverCommandExecutor.java:82)
	at org.openqa.selenium.remote.RemoteWebDriver.execute(RemoteWebDriver.java:637)
	at org.openqa.selenium.remote.RemoteWebDriver.startSession(RemoteWebDriver.java:250)
	at org.openqa.selenium.remote.RemoteWebDriver.startSession(RemoteWebDriver.java:236)
	at org.openqa.selenium.remote.RemoteWebDriver.<init>(RemoteWebDriver.java:137)
	at org.openqa.selenium.chrome.ChromeDriver.<init>(ChromeDriver.java:184)
	at org.openqa.selenium.chrome.ChromeDriver.<init>(ChromeDriver.java:171)
	at org.openqa.selenium.chrome.ChromeDriver.<init>(ChromeDriver.java:124)
	at resources.base.initializeDriver(base.java:34)
	at crmframework.crmAutomation.ChannelsPageTest.initialize(ChannelsPageTest.java:62)
	at sun.reflect.NativeMethodAccessorImpl.invoke0(Native Method)
	at sun.reflect.NativeMethodAccessorImpl.invoke(Unknown Source)
	at sun.reflect.DelegatingMethodAccessorImpl.invoke(Unknown Source)
	at java.lang.reflect.Method.invoke(Unknown Source)
	at org.testng.internal.MethodInvocationHelper.invokeMethod(MethodInvocationHelper.java:80)
	at org.testng.internal.Invoker.invokeConfigurationMethod(Invoker.java:564)
	at org.testng.internal.Invoker.invokeConfigurations(Invoker.java:213)
	at org.testng.internal.Invoker.invokeConfigurations(Invoker.java:138)
	at org.testng.TestRunner.beforeRun(TestRunner.java:641)
	at org.testng.TestRunner.run(TestRunner.java:609)
	at org.testng.SuiteRunner.runTest(SuiteRunner.java:334)
	at org.testng.SuiteRunner.runSequentially(SuiteRunner.java:329)
	at org.testng.SuiteRunner.privateRun(SuiteRunner.java:291)
	at org.testng.SuiteRunner.run(SuiteRunner.java:240)
	at org.testng.SuiteRunnerWorker.runSuite(SuiteRunnerWorker.java:52)
	at org.testng.SuiteRunnerWorker.run(SuiteRunnerWorker.java:86)
	at org.testng.TestNG.runSuitesSequentially(TestNG.java:1198)
	at org.testng.TestNG.runSuitesLocally(TestNG.java:1123)
	at org.testng.TestNG.run(TestNG.java:1031)
	at org.testng.remote.AbstractRemoteTestNG.run(AbstractRemoteTestNG.java:114)
	at org.testng.remote.RemoteTestNG.initAndRun(RemoteTestNG.java:251)
	at org.testng.remote.RemoteTestNG.main(RemoteTestNG.java:77)
]]>
    </failure>
  </testcase> <!-- TS001_VerifyHomePageTest -->
  <testcase name="TS002_VerifyAllPhoneCallsByOwnerTest" time="0.002" classname="crmframework.crmAutomation.PhoneCallMarketOutcomePageTest">
    <failure type="org.openqa.selenium.SessionNotCreatedException" message="session not created: This version of ChromeDriver only supports Chrome version 88
Current browser version is 90.0.4430.85 with binary path C:\Program Files\Google\Chrome\Application\chrome.exe
Build info: version: &#039;3.4.0&#039;, revision: &#039;unknown&#039;, time: &#039;unknown&#039;
System info: host: &#039;SHRADHAMA-W10&#039;, ip: &#039;172.27.182.74&#039;, os.name: &#039;Windows 10&#039;, os.arch: &#039;amd64&#039;, os.version: &#039;10.0&#039;, java.version: &#039;1.8.0_161&#039;
Driver info: driver.version: ChromeDriver
remote stacktrace: Backtrace:
	GetHandleVerifier [0x0083B963+483]
	GetHandleVerifier [0x0083B941+449]
	GetHandleVerifier [0x00BE3308+3832712]
	GetHandleVerifier [0x00BFD69A+3940122]
	GetHandleVerifier [0x00BF9AFB+3924859]
	GetHandleVerifier [0x00BF7D9C+3917340]
	GetHandleVerifier [0x00C1E7FE+4075646]
	GetHandleVerifier [0x00C1E56C+4074988]
	GetHandleVerifier [0x00C1B2EB+4062059]
	GetHandleVerifier [0x00BFED14+3945876]
	GetHandleVerifier [0x00BFFBCE+3949646]
	GetHandleVerifier [0x00BFFB59+3949529]
	Ordinal0 [0x007FB5CC+46540]
	Ordinal0 [0x007F9F53+40787]
	Ordinal0 [0x007F9B12+39698]
	GetHandleVerifier [0x00B01468+2907368]
	GetHandleVerifier [0x009471EE+1096302]
	GetHandleVerifier [0x00903E8D+821005]
	GetHandleVerifier [0x0090396B+819691]
	GetHandleVerifier [0x00903881+819457]
	GetHandleVerifier [0x0092F463+998627]
	BaseThreadInitThunk [0x75C8FA29+25]
	RtlGetAppContainerNamedObjectPath [0x77D87A4E+286]
	RtlGetAppContainerNamedObjectPath [0x77D87A1E+238]
">
      <![CDATA[org.openqa.selenium.SessionNotCreatedException: session not created: This version of ChromeDriver only supports Chrome version 88
Current browser version is 90.0.4430.85 with binary path C:\Program Files\Google\Chrome\Application\chrome.exe
Build info: version: '3.4.0', revision: 'unknown', time: 'unknown'
System info: host: 'SHRADHAMA-W10', ip: '172.27.182.74', os.name: 'Windows 10', os.arch: 'amd64', os.version: '10.0', java.version: '1.8.0_161'
Driver info: driver.version: ChromeDriver
remote stacktrace: Backtrace:
	GetHandleVerifier [0x0083B963+483]
	GetHandleVerifier [0x0083B941+449]
	GetHandleVerifier [0x00BE3308+3832712]
	GetHandleVerifier [0x00BFD69A+3940122]
	GetHandleVerifier [0x00BF9AFB+3924859]
	GetHandleVerifier [0x00BF7D9C+3917340]
	GetHandleVerifier [0x00C1E7FE+4075646]
	GetHandleVerifier [0x00C1E56C+4074988]
	GetHandleVerifier [0x00C1B2EB+4062059]
	GetHandleVerifier [0x00BFED14+3945876]
	GetHandleVerifier [0x00BFFBCE+3949646]
	GetHandleVerifier [0x00BFFB59+3949529]
	Ordinal0 [0x007FB5CC+46540]
	Ordinal0 [0x007F9F53+40787]
	Ordinal0 [0x007F9B12+39698]
	GetHandleVerifier [0x00B01468+2907368]
	GetHandleVerifier [0x009471EE+1096302]
	GetHandleVerifier [0x00903E8D+821005]
	GetHandleVerifier [0x0090396B+819691]
	GetHandleVerifier [0x00903881+819457]
	GetHandleVerifier [0x0092F463+998627]
	BaseThreadInitThunk [0x75C8FA29+25]
	RtlGetAppContainerNamedObjectPath [0x77D87A4E+286]
	RtlGetAppContainerNamedObjectPath [0x77D87A1E+238]

	at sun.reflect.NativeConstructorAccessorImpl.newInstance0(Native Method)
	at sun.reflect.NativeConstructorAccessorImpl.newInstance(Unknown Source)
	at sun.reflect.DelegatingConstructorAccessorImpl.newInstance(Unknown Source)
	at java.lang.reflect.Constructor.newInstance(Unknown Source)
	at org.openqa.selenium.remote.W3CHandshakeResponse.lambda$new$0(W3CHandshakeResponse.java:57)
	at org.openqa.selenium.remote.W3CHandshakeResponse.lambda$getResponseFunction$2(W3CHandshakeResponse.java:104)
	at org.openqa.selenium.remote.ProtocolHandshake.lambda$createSession$22(ProtocolHandshake.java:365)
	at java.util.stream.ReferencePipeline$3$1.accept(Unknown Source)
	at java.util.Spliterators$ArraySpliterator.tryAdvance(Unknown Source)
	at java.util.stream.ReferencePipeline.forEachWithCancel(Unknown Source)
	at java.util.stream.AbstractPipeline.copyIntoWithCancel(Unknown Source)
	at java.util.stream.AbstractPipeline.copyInto(Unknown Source)
	at java.util.stream.AbstractPipeline.wrapAndCopyInto(Unknown Source)
	at java.util.stream.FindOps$FindOp.evaluateSequential(Unknown Source)
	at java.util.stream.AbstractPipeline.evaluate(Unknown Source)
	at java.util.stream.ReferencePipeline.findFirst(Unknown Source)
	at org.openqa.selenium.remote.ProtocolHandshake.createSession(ProtocolHandshake.java:368)
	at org.openqa.selenium.remote.ProtocolHandshake.createSession(ProtocolHandshake.java:159)
	at org.openqa.selenium.remote.HttpCommandExecutor.execute(HttpCommandExecutor.java:142)
	at org.openqa.selenium.remote.service.DriverCommandExecutor.execute(DriverCommandExecutor.java:82)
	at org.openqa.selenium.remote.RemoteWebDriver.execute(RemoteWebDriver.java:637)
	at org.openqa.selenium.remote.RemoteWebDriver.startSession(RemoteWebDriver.java:250)
	at org.openqa.selenium.remote.RemoteWebDriver.startSession(RemoteWebDriver.java:236)
	at org.openqa.selenium.remote.RemoteWebDriver.<init>(RemoteWebDriver.java:137)
	at org.openqa.selenium.chrome.ChromeDriver.<init>(ChromeDriver.java:184)
	at org.openqa.selenium.chrome.ChromeDriver.<init>(ChromeDriver.java:171)
	at org.openqa.selenium.chrome.ChromeDriver.<init>(ChromeDriver.java:124)
	at resources.base.initializeDriver(base.java:34)
	at crmframework.crmAutomation.ChannelsPageTest.initialize(ChannelsPageTest.java:62)
	at sun.reflect.NativeMethodAccessorImpl.invoke0(Native Method)
	at sun.reflect.NativeMethodAccessorImpl.invoke(Unknown Source)
	at sun.reflect.DelegatingMethodAccessorImpl.invoke(Unknown Source)
	at java.lang.reflect.Method.invoke(Unknown Source)
	at org.testng.internal.MethodInvocationHelper.invokeMethod(MethodInvocationHelper.java:80)
	at org.testng.internal.Invoker.invokeConfigurationMethod(Invoker.java:564)
	at org.testng.internal.Invoker.invokeConfigurations(Invoker.java:213)
	at org.testng.internal.Invoker.invokeConfigurations(Invoker.java:138)
	at org.testng.TestRunner.beforeRun(TestRunner.java:641)
	at org.testng.TestRunner.run(TestRunner.java:609)
	at org.testng.SuiteRunner.runTest(SuiteRunner.java:334)
	at org.testng.SuiteRunner.runSequentially(SuiteRunner.java:329)
	at org.testng.SuiteRunner.privateRun(SuiteRunner.java:291)
	at org.testng.SuiteRunner.run(SuiteRunner.java:240)
	at org.testng.SuiteRunnerWorker.runSuite(SuiteRunnerWorker.java:52)
	at org.testng.SuiteRunnerWorker.run(SuiteRunnerWorker.java:86)
	at org.testng.TestNG.runSuitesSequentially(TestNG.java:1198)
	at org.testng.TestNG.runSuitesLocally(TestNG.java:1123)
	at org.testng.TestNG.run(TestNG.java:1031)
	at org.testng.remote.AbstractRemoteTestNG.run(AbstractRemoteTestNG.java:114)
	at org.testng.remote.RemoteTestNG.initAndRun(RemoteTestNG.java:251)
	at org.testng.remote.RemoteTestNG.main(RemoteTestNG.java:77)
]]>
    </failure>
  </testcase> <!-- TS002_VerifyAllPhoneCallsByOwnerTest -->
</testsuite> <!-- crmframework.crmAutomation.PhoneCallMarketOutcomePageTest -->
