<?xml version="1.0" encoding="UTF-8"?>
<!-- Generated by org.testng.reporters.JUnitReportReporter -->
<testsuite hostname="NILAMMA-W10" name="crmframework.crmAutomation.MarketsPageTest" tests="1" failures="0" timestamp="25 Jun 2021 11:44:06 GMT" time="69.740" errors="0">
  <testcase name="TS002_VerifyJuniperMarketRecordTiedToJuniperMarketChannelTest" time="69.740" classname="crmframework.crmAutomation.MarketsPageTest"/>
</testsuite> <!-- crmframework.crmAutomation.MarketsPageTest -->
