<?xml version="1.0" encoding="UTF-8"?>
<!-- Generated by org.testng.reporters.JUnitReportReporter -->
<testsuite hostname="shradhama-w10" name="crmframework.crmAutomation.ContactPageTest" tests="2" failures="0" timestamp="12 Mar 2021 08:07:43 GMT" time="238.095" errors="0">
  <testcase name="TS009_VerifyExportToExcelTest" time="157.071" classname="crmframework.crmAutomation.ContactPageTest"/>
  <testcase name="TS001_VerifyHomePageTest" time="81.024" classname="crmframework.crmAutomation.ContactPageTest"/>
</testsuite> <!-- crmframework.crmAutomation.ContactPageTest -->
